<?xml version="1.0" encoding="UTF-8"?>
<testng-results ignored="0" total="2" passed="2" failed="0" skipped="0">
  <reporter-output>
  </reporter-output>
  <suite started-at="2024-05-12T20:05:27 IST" name="Surefire suite" finished-at="2024-05-12T20:05:27 IST" duration-ms="67">
    <groups>
    </groups>
    <test started-at="2024-05-12T20:05:27 IST" name="Surefire test" finished-at="2024-05-12T20:05:27 IST" duration-ms="67">
      <class name="com.helloworld.AppTest">
        <test-method signature="testlogin1()[pri:0, instance:com.helloworld.AppTest@55a561cf]" started-at="2024-05-12T20:05:27 IST" name="testlogin1" finished-at="2024-05-12T20:05:27 IST" duration-ms="16" status="PASS">
          <reporter-output>
          </reporter-output>
        </test-method> <!-- testlogin1 -->
        <test-method signature="testlogin2()[pri:0, instance:com.helloworld.AppTest@55a561cf]" started-at="2024-05-12T20:05:27 IST" name="testlogin2" finished-at="2024-05-12T20:05:27 IST" duration-ms="0" status="PASS">
          <reporter-output>
          </reporter-output>
        </test-method> <!-- testlogin2 -->
      </class> <!-- com.helloworld.AppTest -->
    </test> <!-- Surefire test -->
  </suite> <!-- Surefire suite -->
</testng-results>
